


ARM Macro Assembler    Page 1 


    1 00000000         ; Assignment 1 a) Code 2
    2 00000000         ; Controller: LPC2378
    3 00000000         ; Architecture: ARMv4T
    4 00000000         ; Assembly Language Programs (ALP) for an ARMv4T process
                       or to implement the
    5 00000000         ; following IF-ELSE statement are given below:
    6 00000000         ; if ( a<b)
    7 00000000         ; {
    8 00000000         ;   x=5
    9 00000000         ;   y=c+d
   10 00000000         ; }
   11 00000000         ; else
   12 00000000         ;   y=c-d
   13 00000000         
   14 00000000                 AREA             RESET, CODE, READONLY
   15 00000000                 ENTRY
   16 00000000         START
   17 00000000 E28F4034        ADR              R4,SRC      ; Get Address of SR
                                                            C[0] in R4
   18 00000004 E59F5040        LDR              R5,=DST     ; Load Address of D
                                                            ST[0] in R5
   19 00000008 EB000000        BL               SUB1        ; Branch to SUB1
   20 0000000C         STOP
   21 0000000C EAFFFFFE        B                STOP        ; Infinite loop
   22 00000010         SUB1
   23 00000010 E4940004        LDR              R0,[R4],#4  ; Load SRC[0]; Incr
                                                            ement SRC address b
                                                            y 4 => SRC[1]
   24 00000014 E4941004        LDR              R1,[R4],#4  ; Load SRC[1]; Incr
                                                            ement SRC address b
                                                            y 4 => SRC[2]
   25 00000018 E1500001        CMP              R0,R1       ; R0-R1, changes CP
                                                            SR[N] value    
   26 0000001C E4940004        LDR              R0,[R4],#4  ; Load SRC[2]; Incr
                                                            ement SRC address b
                                                            y 4 => SRC[3]
   27 00000020 E5941000        LDR              R1,[R4]     ; Load SRC[3]
   28 00000024 B3A02005        MOVLT            R2,#5       ; R2=5 if CPSR[N] =
                                                             1; Else pass
   29 00000028 B5852000        STRLT            R2,[R5]     ; Store R2 ==> R5 a
                                                            ddress CPSR[N] = 1;
                                                             Else pass
   30 0000002C B0800001        ADDLT            R0, R0, R1  ; ADD if CPSR[N] = 
                                                            1; Else pass
   31 00000030 A0400001        SUBGE            R0, R0, R1  ; SUB if >=
   32 00000034 E5850004        STR              R0,[R5,#4]  ; Store results
   33 00000038         AFT
   34 00000038 E1A0F00E        MOV              PC,LR       ; Return
   35 0000003C 00000040 
              00000040 
              00000030 
              00000010 SRC     DCD              0x40, 0x40, 0x30, 0x10
   36 0000004C 00000000        AREA             RESULT, DATA, READWRITE
   37 00000000 00000000 
              00000000 DST     DCD              0, 0
   38 00000008                 END
Command Line: --debug --xref --diag_suppress=9931 --apcs=interwork --depend=.\o
bjects\ass_1b_armv4t.d -o.\objects\ass_1b_armv4t.o -IP:\Keil_v5\ARM\RV31\INC -I
P:\Keil_v5\ARM\CMSIS\Include -IP:\Keil_v5\ARM\INC\Philips --predefine="__EVAL S



ARM Macro Assembler    Page 2 


ETA 1" --predefine="__UVISION_VERSION SETA 525" --list=.\listings\ass_1b_armv4t
.lst Ass_1b_ARMV4T.s



ARM Macro Assembler    Page 1 Alphabetic symbol ordering
Relocatable symbols

AFT 00000038

Symbol: AFT
   Definitions
      At line 33 in file Ass_1b_ARMV4T.s
   Uses
      None
Comment: AFT unused
RESET 00000000

Symbol: RESET
   Definitions
      At line 14 in file Ass_1b_ARMV4T.s
   Uses
      None
Comment: RESET unused
SRC 0000003C

Symbol: SRC
   Definitions
      At line 35 in file Ass_1b_ARMV4T.s
   Uses
      At line 17 in file Ass_1b_ARMV4T.s
Comment: SRC used once
START 00000000

Symbol: START
   Definitions
      At line 16 in file Ass_1b_ARMV4T.s
   Uses
      None
Comment: START unused
STOP 0000000C

Symbol: STOP
   Definitions
      At line 20 in file Ass_1b_ARMV4T.s
   Uses
      At line 21 in file Ass_1b_ARMV4T.s
Comment: STOP used once
SUB1 00000010

Symbol: SUB1
   Definitions
      At line 22 in file Ass_1b_ARMV4T.s
   Uses
      At line 19 in file Ass_1b_ARMV4T.s
Comment: SUB1 used once
6 symbols



ARM Macro Assembler    Page 1 Alphabetic symbol ordering
Relocatable symbols

DST 00000000

Symbol: DST
   Definitions
      At line 37 in file Ass_1b_ARMV4T.s
   Uses
      At line 18 in file Ass_1b_ARMV4T.s
Comment: DST used once
RESULT 00000000

Symbol: RESULT
   Definitions
      At line 36 in file Ass_1b_ARMV4T.s
   Uses
      None
Comment: RESULT unused
2 symbols
342 symbols in table
